
PLAY [sbrHW-VM2] ****************************************************************************************************************************

TASK [Gathering Facts] **********************************************************************************************************************
ok: [sbrHW-VM2]

TASK [java : install java-11-openjdk-devel] *************************************************************************************************
changed: [sbrHW-VM2]

PLAY [sbrHW-VM1] ****************************************************************************************************************************

TASK [Gathering Facts] **********************************************************************************************************************
ok: [sbrHW-VM1]

TASK [java : install java-11-openjdk-devel] *************************************************************************************************
changed: [sbrHW-VM1]

TASK [jenkins : download Jenkins repo] ******************************************************************************************************
changed: [sbrHW-VM1]

TASK [jenkins : import jenkins key] *********************************************************************************************************
changed: [sbrHW-VM1]

TASK [jenkins : install epel] ***************************************************************************************************************
changed: [sbrHW-VM1]

TASK [jenkins : install jenkins] ************************************************************************************************************
changed: [sbrHW-VM1]

TASK [jenkins : start jenkins] **************************************************************************************************************
changed: [sbrHW-VM1]

TASK [install  wget] ************************************************************************************************************************
changed: [sbrHW-VM1]

PLAY RECAP **********************************************************************************************************************************
sbrHW-VM1                  : ok=8    changed=7    unreachable=0    failed=0    skipped=0    rescued=0    ignored=0   
sbrHW-VM2                  : ok=2    changed=1    unreachable=0    failed=0    skipped=0    rescued=0    ignored=0   

